
Gurobi 8.1.1 (win64, Python) logging started 12/02/19 17:23:51

Academic license - for non-commercial use only
Changed value of parameter TimeLimit to 180.0
   Prev: 1e+100  Min: 0.0  Max: 1e+100  Default: 1e+100
Optimize a model with 3448 rows, 14253 columns and 413130 nonzeros
Variable types: 483 continuous, 13770 integer (13770 binary)
Coefficient statistics:
  Matrix range     [1e+00, 5e+00]
  Objective range  [5e+01, 1e+02]
  Bounds range     [1e+00, 1e+00]
  RHS range        [1e+00, 4e+01]
Found heuristic solution: objective 540950.00000
Presolve removed 1226 rows and 5040 columns
Presolve time: 0.57s
Presolved: 2222 rows, 9213 columns, 108118 nonzeros
Variable types: 388 continuous, 8825 integer (8703 binary)

Root relaxation: objective 6.454250e+04, 6215 iterations, 0.28 seconds

    Nodes    |    Current Node    |     Objective Bounds      |     Work
 Expl Unexpl |  Obj  Depth IntInf | Incumbent    BestBd   Gap | It/Node Time

     0     0 64542.5000    0  288 540950.000 64542.5000  88.1%     -    1s
H    0     0                    76800.000000 64542.5000  16.0%     -    1s
H    0     0                    76000.000000 64542.5000  15.1%     -    1s
H    0     0                    75800.000000 64542.5000  14.9%     -    1s
H    0     0                    74800.000000 64542.5000  13.7%     -    1s
H    0     0                    73900.000000 64542.5000  12.7%     -    1s
     0     0 64702.6068    0 1181 73900.0000 64702.6068  12.4%     -    1s
H    0     0                    72900.000000 64702.6068  11.2%     -    1s
H    0     0                    71950.000000 64702.6068  10.1%     -    1s
     0     0 64775.5458    0 1006 71950.0000 64775.5458  10.0%     -    1s
     0     0 64778.3705    0  830 71950.0000 64778.3705  10.0%     -    2s
H    0     0                    71700.000000 64778.3705  9.65%     -    2s
     0     0 64778.3705    0  815 71700.0000 64778.3705  9.65%     -    2s
H    0     0                    71249.999976 64778.3705  9.08%     -    2s
     0     0 64820.6250    0 1198 71250.0000 64820.6250  9.02%     -    2s
H    0     0                    70250.000000 64820.6250  7.73%     -    2s
     0     0 64893.7500    0 1212 70250.0000 64893.7500  7.62%     -    2s
H    0     0                    69900.000000 64893.7500  7.16%     -    3s
     0     0 64896.6667    0 1011 69900.0000 64896.6667  7.16%     -    3s
     0     0 64896.6667    0  936 69900.0000 64896.6667  7.16%     -    3s
H    0     0                    69450.000000 64896.6667  6.56%     -    3s
H    0     0                    69250.000000 64896.6667  6.29%     -    3s
     0     0 64977.1430    0 1445 69250.0000 64977.1430  6.17%     -    3s
H    0     0                    68850.000000 64977.1430  5.63%     -    4s
H    0     0                    68500.000000 64977.1430  5.14%     -    4s
     0     0 64985.0513    0 1460 68500.0000 64985.0513  5.13%     -    4s
     0     0 65037.9583    0 1439 68500.0000 65037.9583  5.05%     -    4s
     0     0 65038.8472    0 1389 68500.0000 65038.8472  5.05%     -    4s
     0     0 65039.8889    0 1344 68500.0000 65039.8889  5.05%     -    5s
     0     0 65039.8889    0 1291 68500.0000 65039.8889  5.05%     -    5s
     0     0 65114.9509    0 1603 68500.0000 65114.9509  4.94%     -    5s
H    0     0                    68450.000000 65114.9509  4.87%     -    6s
     0     0 65195.8104    0 1618 68450.0000 65195.8104  4.75%     -    6s
     0     0 65252.2814    0 1618 68450.0000 65252.2814  4.67%     -    6s
H    0     0                    68350.000000 65252.2814  4.53%     -    7s
     0     0 65273.8370    0 1617 68350.0000 65273.8370  4.50%     -    7s
H    0     0                    68250.000000 65273.8370  4.36%     -    7s
     0     0 65301.4931    0 1664 68250.0000 65301.4931  4.32%     -    7s
     0     0 65322.5650    0 1635 68250.0000 65322.5650  4.29%     -    7s
H    0     0                    68149.999998 65322.5650  4.15%     -    7s
     0     0 65327.1073    0 1603 68150.0000 65327.1073  4.14%     -    7s
     0     0 65337.1088    0 1564 68150.0000 65337.1088  4.13%     -    8s
     0     0 65337.1088    0 1560 68150.0000 65337.1088  4.13%     -    8s
H    0     0                    68000.000000 65337.1088  3.92%     -    8s
     0     0 65445.0603    0 1678 68000.0000 65445.0603  3.76%     -    8s
     0     0 65505.4568    0 1649 68000.0000 65505.4568  3.67%     -    9s
     0     0 65529.4665    0 1623 68000.0000 65529.4665  3.63%     -    9s
     0     0 65559.0541    0 1607 68000.0000 65559.0541  3.59%     -   10s
     0     0 65571.3001    0 1639 68000.0000 65571.3001  3.57%     -   10s
     0     0 65572.6581    0 1596 68000.0000 65572.6581  3.57%     -   10s
H    0     0                    67900.000000 65572.6581  3.43%     -   11s
     0     0 65573.4915    0 1649 67900.0000 65573.4915  3.43%     -   11s
     0     0 65574.1581    0 1592 67900.0000 65574.1581  3.43%     -   11s
     0     0 65655.6706    0 1602 67900.0000 65655.6706  3.31%     -   11s
     0     0 65676.6237    0 1647 67900.0000 65676.6237  3.27%     -   12s
     0     0 65677.9352    0 1685 67900.0000 65677.9352  3.27%     -   12s
     0     0 65687.8779    0 1732 67900.0000 65687.8779  3.26%     -   13s
     0     0 65689.1291    0 1668 67900.0000 65689.1291  3.26%     -   13s
     0     0 65689.7323    0 1687 67900.0000 65689.7323  3.26%     -   13s
     0     0 65759.5896    0 1669 67900.0000 65759.5896  3.15%     -   14s
     0     0 65776.5952    0 1746 67900.0000 65776.5952  3.13%     -   14s
     0     0 65785.5119    0 1756 67900.0000 65785.5119  3.11%     -   15s
     0     0 65785.5119    0 1697 67900.0000 65785.5119  3.11%     -   15s
     0     0 65810.9330    0 1711 67900.0000 65810.9330  3.08%     -   16s
     0     0 65820.2006    0 1770 67900.0000 65820.2006  3.06%     -   17s
     0     0 65832.2015    0 1710 67900.0000 65832.2015  3.05%     -   18s
     0     0 65832.4274    0 1761 67900.0000 65832.4274  3.05%     -   18s
     0     0 65885.0961    0 1797 67900.0000 65885.0961  2.97%     -   19s
     0     0 65891.6909    0 1761 67900.0000 65891.6909  2.96%     -   19s
     0     0 65893.3952    0 1701 67900.0000 65893.3952  2.96%     -   20s
     0     0 65903.8014    0 1633 67900.0000 65903.8014  2.94%     -   20s
     0     0 65910.8847    0 1707 67900.0000 65910.8847  2.93%     -   21s
     0     0 65910.8847    0 1729 67900.0000 65910.8847  2.93%     -   21s
     0     0 65970.0417    0 1748 67900.0000 65970.0417  2.84%     -   22s
     0     0 65972.5417    0 1698 67900.0000 65972.5417  2.84%     -   22s
     0     0 65973.9615    0 1760 67900.0000 65973.9615  2.84%     -   23s
     0     0 65974.3480    0 1693 67900.0000 65974.3480  2.84%     -   23s
     0     0 65978.2845    0 1704 67900.0000 65978.2845  2.83%     -   24s
     0     0 65978.2845    0 1409 67900.0000 65978.2845  2.83%     -   25s
     0     2 65978.2845    0 1320 67900.0000 65978.2845  2.83%     -   30s
    40    41 66296.7329    8 1596 67900.0000 66085.4362  2.67%  1062   35s
H   60    63                    67850.000000 66085.4362  2.60%  1039   38s
    77    78 66376.5848   15 1532 67850.0000 66085.4362  2.60%   986   40s
   115   113 66437.6338   22 1416 67850.0000 66085.4362  2.60%   964   45s
   171   175 66481.0976   33 1439 67850.0000 66085.4362  2.60%   899   50s
   237   240 66518.5093   43 1406 67850.0000 66085.4362  2.60%   850   55s
   302   304 66555.9743   52 1383 67850.0000 66085.4362  2.60%   798   60s
   391   394 66598.7500   61 1250 67850.0000 66085.4362  2.60%   750   66s
   556   553 66673.7831   82 1151 67850.0000 66085.4362  2.60%   623   70s
   724   722 66933.2738  112 1061 67850.0000 66085.4362  2.60%   535   79s
   743   745 66951.4583  122 1007 67850.0000 66085.4362  2.60%   526   80s
  1060  1059 67132.3857  183  786 67850.0000 66085.4362  2.60%   434   86s
  1640  1639 67405.8333  311  465 67850.0000 66085.4362  2.60%   317   90s
  1950  1954 67520.8333  372  370 67850.0000 66085.4362  2.60%   277   95s
  2958  2908 66283.3958    7 1616 67850.0000 66117.2505  2.55%   202  101s
  2988  2922 66529.3416   50  314 67850.0000 66117.2505  2.55%   205  105s
  2995  2927 66767.3095  110 1682 67850.0000 66117.2505  2.55%   204  110s
  3006  2934 66741.8929   97 1707 67850.0000 66117.2505  2.55%   204  115s
  3009  2936 67678.1818  522 1309 67850.0000 66831.7837  1.50%   203  120s
  3019  2943 67171.3500   52  713 67850.0000 67171.3500  1.00%   203  126s
  3030  2950 67361.1088  203  566 67850.0000 67361.1088  0.72%   202  132s
  3040  2957 67551.4319  278  463 67850.0000 67551.4319  0.44%   201  136s
  3046  2961 67643.5176  153  355 67850.0000 67643.5176  0.30%   201  140s
  3059  2970 67699.9104  349  570 67850.0000 67699.9104  0.22%   200  145s
  3068  2977 67716.4879  325 1062 67850.0000 67716.4879  0.20%   252  150s
  3080  2985 67726.0371  109  285 67850.0000 67726.0371  0.18%   251  155s
  3086  2989 67729.5001  330  333 67850.0000 67729.5001  0.18%   251  160s
  3089  2994 67740.0396   28  393 67850.0000 67739.3911  0.16%   270  167s
  3097  2996 67740.0396   30  397 67850.0000 67740.0396  0.16%   269  170s
  3148  3023 67747.5405   37  316 67850.0000 67740.9481  0.16%   266  175s
  3309  3099 67793.5714   54  414 67850.0000 67740.9481  0.16%   257  180s

Cutting planes:
  Gomory: 163
  Cover: 288
  Clique: 443
  MIR: 25
  StrongCG: 5
  Flow cover: 170
  GUB cover: 31
  Zero half: 117

Explored 3338 nodes (923430 simplex iterations) in 180.02 seconds
Thread count was 8 (of 8 available processors)

Solution count 10: 67850 67900 68000 ... 69250

Time limit reached
Best objective 6.785000000000e+04, best bound 6.775000000000e+04, gap 0.1474%
