tool.py 開始執行：2020-01-15 07:23:31.974924

沒有找到舊的錯誤紀錄檔
tool.py開始讀檔
Read file from ./data_0114/per_month/ & ./data_0114/parameters/
讀取 2019 年 4 月資料



=== 參數確認 ===
nE=42, nD=20, nK=16, nT=24, nR=5, nW=5, mDAY=30

=== ======= ===

= tool_test.py import successfully =



2020-01-15 07:28:33.916830  開始輸出班表

＊輸出 gurobi solver 結果

所有天每個時段人數與需求人數的差距中的最大值 = 24

值 noon 班型的加權次數最高者，本月共值： 1.0 次(加權後)
值 night 班型的加權次數最高者，本月共值： 5.0 次(加權後)

Output results has save as ./schedule_data_2019_4.xlsx


2020-01-15 07:39:28.299799  開始輸出班表

＊輸出 基因演算法 結果

所有天每個時段人數與需求人數的差距中的最大值 = 23

值 noon 班型的加權次數最高者，本月共值： 10.0 次(加權後)
值 night 班型的加權次數最高者，本月共值： 5.0 次(加權後)

Output results has save as ./schedule_data_2019_4.xlsx

