
Gurobi 8.1.1 (win64) logging started 12/17/19 19:17:07

Changed value of parameter LogFile to ./data/fixed/gurobi.log
   Prev: gurobi.log  Default: 
Changed value of parameter TimeLimit to 30.0
   Prev: 1e+100  Min: 0.0  Max: 1e+100  Default: 1e+100
Optimize a model with 3485 rows, 14253 columns and 410884 nonzeros
Variable types: 483 continuous, 13770 integer (13770 binary)
Coefficient statistics:
  Matrix range     [1e+00, 5e+00]
  Objective range  [5e+01, 1e+02]
  Bounds range     [1e+00, 1e+00]
  RHS range        [1e+00, 5e+01]
Found heuristic solution: objective 536850.00000
Presolve removed 1145 rows and 4926 columns
Presolve time: 0.37s
Presolved: 2340 rows, 9327 columns, 108055 nonzeros
Variable types: 388 continuous, 8939 integer (8817 binary)

Root relaxation: objective 6.331667e+04, 6168 iterations, 0.17 seconds

    Nodes    |    Current Node    |     Objective Bounds      |     Work
 Expl Unexpl |  Obj  Depth IntInf | Incumbent    BestBd   Gap | It/Node Time

     0     0 63316.6667    0  311 536850.000 63316.6667  88.2%     -    0s
H    0     0                    73350.000000 63316.6667  13.7%     -    0s
H    0     0                    72700.000000 63316.6667  12.9%     -    0s
H    0     0                    72050.000000 63316.6667  12.1%     -    0s
H    0     0                    70550.000000 63316.6667  10.3%     -    0s
     0     0 63568.3333    0 1063 70550.0000 63568.3333  9.90%     -    1s
H    0     0                    70000.000000 63568.3333  9.19%     -    1s
H    0     0                    69650.000000 63568.3333  8.73%     -    1s
     0     0 63680.2778    0  832 69650.0000 63680.2778  8.57%     -    1s
     0     0 63696.9444    0  708 69650.0000 63696.9444  8.55%     -    1s
     0     0 63713.6111    0  711 69650.0000 63713.6111  8.52%     -    1s
     0     0 63713.6111    0  698 69650.0000 63713.6111  8.52%     -    1s
H    0     0                    69450.000000 63713.6111  8.26%     -    1s
H    0     0                    69350.000000 63713.6111  8.13%     -    1s
H    0     0                    69100.000000 63713.6111  7.80%     -    1s
H    0     0                    69050.000000 63713.6111  7.73%     -    1s
     0     0 63758.9444    0 1138 69050.0000 63758.9444  7.66%     -    1s
H    0     0                    68850.000000 63758.9444  7.39%     -    1s
H    0     0                    68500.000000 63758.9444  6.92%     -    1s
     0     0 63808.3988    0 1070 68500.0000 63808.3988  6.85%     -    1s
H    0     0                    68100.000000 63808.3988  6.30%     -    1s
     0     0 63840.5417    0 1033 68100.0000 63840.5417  6.25%     -    1s
H    0     0                    67900.000000 63840.5417  5.98%     -    2s
     0     0 63854.1906    0 1035 67900.0000 63854.1906  5.96%     -    2s
     0     0 63858.7361    0  982 67900.0000 63858.7361  5.95%     -    2s
H    0     0                    67800.000000 63858.7361  5.81%     -    2s
     0     0 63858.7361    0  884 67800.0000 63858.7361  5.81%     -    2s
H    0     0                    67500.000000 63858.7361  5.39%     -    2s
     0     0 63960.3083    0 1378 67500.0000 63960.3083  5.24%     -    2s
H    0     0                    67250.000000 63960.3083  4.89%     -    3s
H    0     0                    67150.000000 63960.3083  4.75%     -    3s
     0     0 64088.0696    0 1368 67150.0000 64088.0696  4.56%     -    3s
H    0     0                    67100.000000 64088.0696  4.49%     -    3s
     0     0 64139.4282    0 1369 67100.0000 64139.4282  4.41%     -    3s
     0     0 64163.0202    0 1301 67100.0000 64163.0202  4.38%     -    3s
     0     0 64164.7786    0 1258 67100.0000 64164.7786  4.37%     -    3s
H    0     0                    67050.000000 64164.7786  4.30%     -    3s
     0     0 64173.9372    0 1234 67050.0000 64173.9372  4.29%     -    3s
H    0     0                    67000.000000 64173.9372  4.22%     -    3s
     0     0 64173.9758    0 1193 67000.0000 64173.9758  4.22%     -    3s
H    0     0                    66900.000000 64173.9758  4.07%     -    4s
     0     0 64311.0026    0 1413 66900.0000 64311.0026  3.87%     -    4s
     0     0 64412.8392    0 1456 66900.0000 64412.8392  3.72%     -    4s
     0     0 64458.9132    0 1556 66900.0000 64458.9132  3.65%     -    4s
     0     0 64500.0343    0 1547 66900.0000 64500.0343  3.59%     -    5s
     0     0 64505.4486    0 1514 66900.0000 64505.4486  3.58%     -    5s
     0     0 64505.7037    0 1535 66900.0000 64505.7037  3.58%     -    5s
H    0     0                    66850.000000 64505.7037  3.51%     -    5s
     0     0 64625.6310    0 1609 66850.0000 64625.6310  3.33%     -    5s
     0     0 64672.8284    0 1507 66850.0000 64672.8284  3.26%     -    6s
     0     0 64718.1535    0 1503 66850.0000 64718.1535  3.19%     -    6s
     0     0 64726.5675    0 1545 66850.0000 64726.5675  3.18%     -    6s
     0     0 64726.6277    0 1477 66850.0000 64726.6277  3.18%     -    6s
     0     0 64750.7917    0 1517 66850.0000 64750.7917  3.14%     -    7s
     0     0 64779.5327    0 1505 66850.0000 64779.5327  3.10%     -    7s
     0     0 64800.8710    0 1455 66850.0000 64800.8710  3.07%     -    7s
     0     0 64804.0476    0 1518 66850.0000 64804.0476  3.06%     -    7s
H    0     0                    66800.000000 64804.0476  2.99%     -    7s
     0     0 64816.0615    0 1548 66800.0000 64816.0615  2.97%     -    7s
     0     0 64817.3115    0 1539 66800.0000 64817.3115  2.97%     -    8s
     0     0 64821.7559    0 1544 66800.0000 64821.7559  2.96%     -    8s
     0     0 64821.7559    0 1526 66800.0000 64821.7559  2.96%     -    8s
     0     0 64828.8542    0 1452 66800.0000 64828.8542  2.95%     -    8s
     0     0 64836.6667    0 1427 66800.0000 64836.6667  2.94%     -    9s
     0     0 64843.6859    0 1518 66800.0000 64843.6859  2.93%     -    9s
     0     0 64849.3803    0 1531 66800.0000 64849.3803  2.92%     -    9s
     0     0 64862.7137    0 1613 66800.0000 64862.7137  2.90%     -   10s
     0     0 64864.7329    0 1527 66800.0000 64864.7329  2.90%     -   10s
     0     0 64868.5470    0 1582 66800.0000 64868.5470  2.89%     -   10s
     0     0 64868.5470    0 1507 66800.0000 64868.5470  2.89%     -   10s
     0     0 64900.2778    0 1565 66800.0000 64900.2778  2.84%     -   11s
     0     0 64900.7292    0 1596 66800.0000 64900.7292  2.84%     -   11s
     0     0 64916.8056    0 1516 66800.0000 64916.8056  2.82%     -   11s
     0     0 64929.2014    0 1583 66800.0000 64929.2014  2.80%     -   12s
     0     0 64935.8680    0 1605 66800.0000 64935.8680  2.79%     -   12s
     0     0 64937.7778    0 1653 66800.0000 64937.7778  2.79%     -   13s
     0     0 64956.8217    0 1583 66800.0000 64956.8217  2.76%     -   13s
     0     0 64965.3792    0 1569 66800.0000 64965.3792  2.75%     -   13s
     0     0 64965.6942    0 1510 66800.0000 64965.6942  2.75%     -   13s
     0     0 64970.5208    0 1551 66800.0000 64970.5208  2.74%     -   13s
     0     0 64982.3342    0 1582 66800.0000 64982.3342  2.72%     -   14s
     0     0 64984.3951    0 1594 66800.0000 64984.3951  2.72%     -   14s
     0     0 64985.9576    0 1610 66800.0000 64985.9576  2.72%     -   14s
     0     0 64990.9196    0 1614 66800.0000 64990.9196  2.71%     -   14s
     0     0 64997.8173    0 1556 66800.0000 64997.8173  2.70%     -   15s
     0     0 64999.3601    0 1552 66800.0000 64999.3601  2.70%     -   15s
     0     0 65001.2661    0 1614 66800.0000 65001.2661  2.69%     -   15s
     0     0 65001.5625    0 1574 66800.0000 65001.5625  2.69%     -   15s
     0     0 65028.2292    0 1532 66800.0000 65028.2292  2.65%     -   16s
     0     0 65041.1458    0 1601 66800.0000 65041.1458  2.63%     -   16s
     0     0 65041.1458    0 1614 66800.0000 65041.1458  2.63%     -   16s
     0     0 65067.8125    0 1584 66800.0000 65067.8125  2.59%     -   17s
     0     0 65067.8125    0 1531 66800.0000 65067.8125  2.59%     -   17s
     0     0 65067.8125    0 1589 66800.0000 65067.8125  2.59%     -   18s
     0     0 65067.8125    0 1273 66800.0000 65067.8125  2.59%     -   18s
     0     2 65067.8125    0 1198 66800.0000 65067.8125  2.59%     -   20s
    84    88 65525.7083   18 1247 66800.0000 65184.4792  2.42%   717   25s
   212   214 65634.1667   44 1156 66800.0000 65184.4792  2.42%   560   30s

Cutting planes:
  Gomory: 108
  Cover: 716
  Clique: 973
  MIR: 140
  StrongCG: 15
  GUB cover: 73
  Zero half: 57

Explored 215 nodes (197044 simplex iterations) in 30.01 seconds
Thread count was 8 (of 8 available processors)

Solution count 10: 66800 66850 66900 ... 67800

Time limit reached
Best objective 6.680000000000e+04, best bound 6.520000000000e+04, gap 2.3952%
